<?xml version="1.0" encoding="UTF-8"?>
<testng-results ignored="0" total="2" passed="2" failed="0" skipped="0">
  <reporter-output>
  </reporter-output>
  <suite started-at="2023-07-19T13:05:46 IST" name="Default suite" finished-at="2023-07-19T13:06:23 IST" duration-ms="36993">
    <groups>
    </groups>
    <test started-at="2023-07-19T13:05:46 IST" name="Default test" finished-at="2023-07-19T13:06:23 IST" duration-ms="36993">
      <class name="baseClass">
        <test-method is-config="true" signature="setup()[pri:0, instance:baseClass@21e360a]" started-at="2023-07-19T13:05:46 IST" name="setup" finished-at="2023-07-19T13:06:15 IST" duration-ms="29223" status="PASS">
          <reporter-output>
          </reporter-output>
        </test-method> <!-- setup -->
        <test-method signature="openWikiSearch()[pri:0, instance:baseClass@21e360a]" started-at="2023-07-19T13:06:15 IST" name="openWikiSearch" finished-at="2023-07-19T13:06:15 IST" duration-ms="225" status="PASS">
          <reporter-output>
          </reporter-output>
        </test-method> <!-- openWikiSearch -->
        <test-method signature="searchBStack()[pri:0, instance:baseClass@21e360a]" started-at="2023-07-19T13:06:15 IST" name="searchBStack" finished-at="2023-07-19T13:06:23 IST" duration-ms="7136" status="PASS">
          <reporter-output>
          </reporter-output>
        </test-method> <!-- searchBStack -->
        <test-method is-config="true" signature="teardown()[pri:0, instance:baseClass@21e360a]" started-at="2023-07-19T13:06:23 IST" name="teardown" finished-at="2023-07-19T13:06:23 IST" duration-ms="363" status="PASS">
          <reporter-output>
          </reporter-output>
        </test-method> <!-- teardown -->
      </class> <!-- baseClass -->
    </test> <!-- Default test -->
  </suite> <!-- Default suite -->
</testng-results>
